Using pre-set license

 COMMAND LINE ARGUMENTS:
/Users/z.tomosuke.nakano/2020.3.11f1/Unity.app/Contents/MacOS/Unity
-adb2
-batchMode
-noUpm
-name
AssetImportWorker0
-projectPath
/Users/z.tomosuke.nakano/Documents/GitHub/hecomi_lip-sync/hecomi_Lipsync
-logFile
Logs/AssetImportWorker0.log
-srvPort
54278
Successfully changed project path to: /Users/z.tomosuke.nakano/Documents/GitHub/hecomi_lip-sync/hecomi_Lipsync
/Users/z.tomosuke.nakano/Documents/GitHub/hecomi_lip-sync/hecomi_Lipsync
Using Asset Import Pipeline V2.
Refreshing native plugins compatible for Editor in 50.55 ms, found 3 plugins.
Preloading 0 native plugins for Editor in 0.00 ms.
Initialize engine version: 2020.3.11f1 (99c7afb366b3)
[Subsystems] Discovering subsystems at path /Users/z.tomosuke.nakano/2020.3.11f1/Unity.app/Contents/Resources/UnitySubsystems
[Subsystems] Discovering subsystems at path /Users/z.tomosuke.nakano/Documents/GitHub/hecomi_lip-sync/hecomi_Lipsync/Assets
GfxDevice: creating device client; threaded=0
2021-07-05 12:46:48.883 Unity[25078:8506724] Color LCD preferred device: Intel(R) Iris(TM) Plus Graphics 655 (low power)
2021-07-05 12:46:48.883 Unity[25078:8506724] Metal devices available: 1
2021-07-05 12:46:48.883 Unity[25078:8506724] 0: Intel(R) Iris(TM) Plus Graphics 655 (low power)
2021-07-05 12:46:48.883 Unity[25078:8506724] Using device Intel(R) Iris(TM) Plus Graphics 655 (low power)
Initializing Metal device caps: Intel(R) Iris(TM) Plus Graphics 655
Initialize mono
Mono path[0] = '/Users/z.tomosuke.nakano/2020.3.11f1/Unity.app/Contents/Managed'
Mono path[1] = '/Users/z.tomosuke.nakano/2020.3.11f1/Unity.app/Contents/MonoBleedingEdge/lib/mono/unityjit'
Mono config path = '/Users/z.tomosuke.nakano/2020.3.11f1/Unity.app/Contents/MonoBleedingEdge/etc'
Using monoOptions --debugger-agent=transport=dt_socket,embedding=1,server=y,suspend=n,address=127.0.0.1:56078
Begin MonoManager ReloadAssembly
Registering precompiled unity dll's ...
Register platform support module: /Users/z.tomosuke.nakano/2020.3.11f1/Unity.app/Contents/PlaybackEngines/MacStandaloneSupport/UnityEditor.OSXStandalone.Extensions.dll
Registered in 0.001746 seconds.
Native extension for OSXStandalone target not found
Refreshing native plugins compatible for Editor in 42.52 ms, found 3 plugins.
Preloading 0 native plugins for Editor in 0.00 ms.
Mono: successfully reloaded assembly
- Completed reload, in  3.130 seconds
Platform modules already initialized, skipping
Registering precompiled user dll's ...
Registered in 0.010615 seconds.
Begin MonoManager ReloadAssembly
Native extension for OSXStandalone target not found
Refreshing native plugins compatible for Editor in 40.51 ms, found 3 plugins.
Preloading 0 native plugins for Editor in 0.00 ms.
Mono: successfully reloaded assembly
- Completed reload, in  2.151 seconds
Platform modules already initialized, skipping
========================================================================
Worker process is ready to serve import requests
Launching external process: /Users/z.tomosuke.nakano/2020.3.11f1/Unity.app/Contents/Tools/UnityShaderCompiler
Launched and connected shader compiler UnityShaderCompiler after 0.03 seconds
Refreshing native plugins compatible for Editor in 0.52 ms, found 3 plugins.
Preloading 0 native plugins for Editor in 0.00 ms.
Unloading 2153 Unused Serialized files (Serialized files now loaded: 0)
System memory in use before: 196.9 MB.
System memory in use after: 197.0 MB.

Unloading 23 unused Assets to reduce memory usage. Loaded Objects now: 2586.
Total: 3.704255 ms (FindLiveObjects: 0.387277 ms CreateObjectMapping: 0.131218 ms MarkObjects: 3.071267 ms  DeleteObjects: 0.113400 ms)

========================================================================
Received Import Request.
  path: Assets/uLipSync-Profile-New 1.asset
  artifactKey: Guid(02a2f97bce777419db9005035a3ed5ee) Importer(815301076,1909f56bfc062723c751e8b465ee728b)
Start importing Assets/uLipSync-Profile-New 1.asset using Guid(02a2f97bce777419db9005035a3ed5ee) Importer(815301076,1909f56bfc062723c751e8b465ee728b)  -> (artifact id: 'b5ea5fcc168db5ef58c5ef502c207381') in 0.457458 seconds
  Import took 0.462068 seconds .

========================================================================
Received Prepare
Registering precompiled user dll's ...
Registered in 0.011226 seconds.
Begin MonoManager ReloadAssembly
Native extension for OSXStandalone target not found
Refreshing native plugins compatible for Editor in 0.59 ms, found 3 plugins.
Preloading 0 native plugins for Editor in 0.00 ms.
Mono: successfully reloaded assembly
- Completed reload, in  1.324 seconds
Platform modules already initialized, skipping
Refreshing native plugins compatible for Editor in 0.52 ms, found 3 plugins.
Preloading 0 native plugins for Editor in 0.00 ms.
Unloading 2129 Unused Serialized files (Serialized files now loaded: 0)
System memory in use before: 199.4 MB.
System memory in use after: 199.5 MB.

Unloading 18 unused Assets to reduce memory usage. Loaded Objects now: 2589.
Total: 2.123027 ms (FindLiveObjects: 0.196827 ms CreateObjectMapping: 0.074173 ms MarkObjects: 1.798134 ms  DeleteObjects: 0.052770 ms)

========================================================================
Received Prepare
Registering precompiled user dll's ...
Registered in 0.011119 seconds.
Begin MonoManager ReloadAssembly
Native extension for OSXStandalone target not found
Refreshing native plugins compatible for Editor in 0.57 ms, found 3 plugins.
Preloading 0 native plugins for Editor in 0.00 ms.
Mono: successfully reloaded assembly
- Completed reload, in  1.361 seconds
Platform modules already initialized, skipping
Refreshing native plugins compatible for Editor in 0.58 ms, found 3 plugins.
Preloading 0 native plugins for Editor in 0.00 ms.
Unloading 2129 Unused Serialized files (Serialized files now loaded: 0)
System memory in use before: 200.4 MB.
System memory in use after: 200.5 MB.

Unloading 18 unused Assets to reduce memory usage. Loaded Objects now: 2592.
Total: 2.271092 ms (FindLiveObjects: 0.223404 ms CreateObjectMapping: 0.081660 ms MarkObjects: 1.905693 ms  DeleteObjects: 0.059352 ms)

========================================================================
Received Prepare
Registering precompiled user dll's ...
Registered in 0.008995 seconds.
Begin MonoManager ReloadAssembly
Native extension for OSXStandalone target not found
Refreshing native plugins compatible for Editor in 0.85 ms, found 3 plugins.
Preloading 0 native plugins for Editor in 0.00 ms.
Mono: successfully reloaded assembly
- Completed reload, in  1.802 seconds
Platform modules already initialized, skipping
Refreshing native plugins compatible for Editor in 0.57 ms, found 3 plugins.
Preloading 0 native plugins for Editor in 0.00 ms.
Unloading 2129 Unused Serialized files (Serialized files now loaded: 0)
System memory in use before: 200.8 MB.
System memory in use after: 200.8 MB.

Unloading 18 unused Assets to reduce memory usage. Loaded Objects now: 2595.
Total: 4.268182 ms (FindLiveObjects: 0.421138 ms CreateObjectMapping: 0.238869 ms MarkObjects: 3.509187 ms  DeleteObjects: 0.080804 ms)

========================================================================
Received Prepare
Registering precompiled user dll's ...
Registered in 0.005310 seconds.
Begin MonoManager ReloadAssembly
Native extension for OSXStandalone target not found
Refreshing native plugins compatible for Editor in 0.53 ms, found 3 plugins.
Preloading 0 native plugins for Editor in 0.00 ms.
Mono: successfully reloaded assembly
- Completed reload, in  1.346 seconds
Platform modules already initialized, skipping
Refreshing native plugins compatible for Editor in 0.48 ms, found 3 plugins.
Preloading 0 native plugins for Editor in 0.00 ms.
Unloading 2129 Unused Serialized files (Serialized files now loaded: 0)
System memory in use before: 201.0 MB.
System memory in use after: 201.1 MB.

Unloading 18 unused Assets to reduce memory usage. Loaded Objects now: 2598.
Total: 2.860427 ms (FindLiveObjects: 0.276944 ms CreateObjectMapping: 0.067498 ms MarkObjects: 2.397475 ms  DeleteObjects: 0.117555 ms)

========================================================================
Received Prepare
Registering precompiled user dll's ...
Registered in 0.008009 seconds.
Begin MonoManager ReloadAssembly
Native extension for OSXStandalone target not found
Refreshing native plugins compatible for Editor in 0.54 ms, found 3 plugins.
Preloading 0 native plugins for Editor in 0.00 ms.
Mono: successfully reloaded assembly
- Completed reload, in  1.327 seconds
Platform modules already initialized, skipping
Refreshing native plugins compatible for Editor in 0.55 ms, found 3 plugins.
Preloading 0 native plugins for Editor in 0.00 ms.
Unloading 2129 Unused Serialized files (Serialized files now loaded: 0)
System memory in use before: 201.3 MB.
System memory in use after: 201.4 MB.

Unloading 18 unused Assets to reduce memory usage. Loaded Objects now: 2601.
Total: 2.856715 ms (FindLiveObjects: 0.321264 ms CreateObjectMapping: 0.088819 ms MarkObjects: 2.371572 ms  DeleteObjects: 0.057483 ms)

========================================================================
Received Prepare
Registering precompiled user dll's ...
Registered in 0.008615 seconds.
Begin MonoManager ReloadAssembly
Native extension for OSXStandalone target not found
Refreshing native plugins compatible for Editor in 0.81 ms, found 3 plugins.
Preloading 0 native plugins for Editor in 0.00 ms.
Mono: successfully reloaded assembly
- Completed reload, in  1.391 seconds
Platform modules already initialized, skipping
Refreshing native plugins compatible for Editor in 0.56 ms, found 3 plugins.
Preloading 0 native plugins for Editor in 0.00 ms.
Unloading 2129 Unused Serialized files (Serialized files now loaded: 0)
System memory in use before: 201.6 MB.
System memory in use after: 201.6 MB.

Unloading 18 unused Assets to reduce memory usage. Loaded Objects now: 2604.
Total: 2.386559 ms (FindLiveObjects: 0.313523 ms CreateObjectMapping: 0.130805 ms MarkObjects: 1.886969 ms  DeleteObjects: 0.054380 ms)

========================================================================
Received Prepare
Registering precompiled user dll's ...
Registered in 0.002586 seconds.
Begin MonoManager ReloadAssembly
Native extension for OSXStandalone target not found
Refreshing native plugins compatible for Editor in 0.62 ms, found 3 plugins.
Preloading 0 native plugins for Editor in 0.00 ms.
Mono: successfully reloaded assembly
- Completed reload, in  1.254 seconds
Platform modules already initialized, skipping
Refreshing native plugins compatible for Editor in 0.59 ms, found 3 plugins.
Preloading 0 native plugins for Editor in 0.00 ms.
Unloading 2129 Unused Serialized files (Serialized files now loaded: 0)
System memory in use before: 201.9 MB.
System memory in use after: 201.9 MB.

Unloading 18 unused Assets to reduce memory usage. Loaded Objects now: 2607.
Total: 2.488543 ms (FindLiveObjects: 0.370282 ms CreateObjectMapping: 0.154543 ms MarkObjects: 1.907596 ms  DeleteObjects: 0.055246 ms)

========================================================================
Received Prepare
Registering precompiled user dll's ...
Registered in 0.008602 seconds.
Begin MonoManager ReloadAssembly
Native extension for OSXStandalone target not found
Refreshing native plugins compatible for Editor in 0.59 ms, found 3 plugins.
Preloading 0 native plugins for Editor in 0.00 ms.
Mono: successfully reloaded assembly
- Completed reload, in  1.319 seconds
Platform modules already initialized, skipping
Refreshing native plugins compatible for Editor in 0.55 ms, found 3 plugins.
Preloading 0 native plugins for Editor in 0.00 ms.
Unloading 2129 Unused Serialized files (Serialized files now loaded: 0)
System memory in use before: 202.1 MB.
System memory in use after: 202.2 MB.

Unloading 18 unused Assets to reduce memory usage. Loaded Objects now: 2610.
Total: 2.966056 ms (FindLiveObjects: 0.425241 ms CreateObjectMapping: 0.175812 ms MarkObjects: 2.305067 ms  DeleteObjects: 0.059029 ms)

========================================================================
Received Prepare
Registering precompiled user dll's ...
Registered in 0.007897 seconds.
Begin MonoManager ReloadAssembly
Native extension for OSXStandalone target not found
Refreshing native plugins compatible for Editor in 0.58 ms, found 3 plugins.
Preloading 0 native plugins for Editor in 0.00 ms.
Mono: successfully reloaded assembly
- Completed reload, in  1.456 seconds
Platform modules already initialized, skipping
Refreshing native plugins compatible for Editor in 0.61 ms, found 3 plugins.
Preloading 0 native plugins for Editor in 0.00 ms.
Unloading 2129 Unused Serialized files (Serialized files now loaded: 0)
System memory in use before: 202.3 MB.
System memory in use after: 202.4 MB.

Unloading 18 unused Assets to reduce memory usage. Loaded Objects now: 2613.
Total: 3.364862 ms (FindLiveObjects: 0.425614 ms CreateObjectMapping: 0.164902 ms MarkObjects: 2.705760 ms  DeleteObjects: 0.067257 ms)

========================================================================
Received Prepare
Registering precompiled user dll's ...
Registered in 0.012094 seconds.
Begin MonoManager ReloadAssembly
Native extension for OSXStandalone target not found
Refreshing native plugins compatible for Editor in 0.74 ms, found 3 plugins.
Preloading 0 native plugins for Editor in 0.00 ms.
Mono: successfully reloaded assembly
- Completed reload, in  1.877 seconds
Platform modules already initialized, skipping
Refreshing native plugins compatible for Editor in 0.86 ms, found 3 plugins.
Preloading 0 native plugins for Editor in 0.00 ms.
Unloading 2129 Unused Serialized files (Serialized files now loaded: 0)
System memory in use before: 202.6 MB.
System memory in use after: 202.7 MB.

Unloading 18 unused Assets to reduce memory usage. Loaded Objects now: 2616.
Total: 3.584332 ms (FindLiveObjects: 0.312099 ms CreateObjectMapping: 0.175626 ms MarkObjects: 3.000377 ms  DeleteObjects: 0.094840 ms)

========================================================================
Received Prepare
Registering precompiled user dll's ...
Registered in 0.014155 seconds.
Begin MonoManager ReloadAssembly
Native extension for OSXStandalone target not found
Refreshing native plugins compatible for Editor in 0.86 ms, found 3 plugins.
Preloading 0 native plugins for Editor in 0.00 ms.
Mono: successfully reloaded assembly
- Completed reload, in  2.218 seconds
Platform modules already initialized, skipping
Refreshing native plugins compatible for Editor in 1.13 ms, found 3 plugins.
Preloading 0 native plugins for Editor in 0.00 ms.
Unloading 2129 Unused Serialized files (Serialized files now loaded: 0)
System memory in use before: 203.0 MB.
System memory in use after: 203.1 MB.

Unloading 18 unused Assets to reduce memory usage. Loaded Objects now: 2619.
Total: 7.680896 ms (FindLiveObjects: 0.658151 ms CreateObjectMapping: 0.221756 ms MarkObjects: 6.063867 ms  DeleteObjects: 0.734418 ms)

========================================================================
Received Prepare
Registering precompiled user dll's ...
Registered in 0.009973 seconds.
Begin MonoManager ReloadAssembly
Native extension for OSXStandalone target not found
Refreshing native plugins compatible for Editor in 0.57 ms, found 3 plugins.
Preloading 0 native plugins for Editor in 0.00 ms.
Mono: successfully reloaded assembly
- Completed reload, in  1.447 seconds
Platform modules already initialized, skipping
Refreshing native plugins compatible for Editor in 0.53 ms, found 3 plugins.
Preloading 0 native plugins for Editor in 0.00 ms.
Unloading 2129 Unused Serialized files (Serialized files now loaded: 0)
System memory in use before: 203.5 MB.
System memory in use after: 203.5 MB.

Unloading 18 unused Assets to reduce memory usage. Loaded Objects now: 2622.
Total: 2.635742 ms (FindLiveObjects: 0.279565 ms CreateObjectMapping: 0.081527 ms MarkObjects: 2.177829 ms  DeleteObjects: 0.096017 ms)

========================================================================
Received Prepare
Registering precompiled user dll's ...
Registered in 0.010360 seconds.
Begin MonoManager ReloadAssembly
Native extension for OSXStandalone target not found
Refreshing native plugins compatible for Editor in 0.61 ms, found 3 plugins.
Preloading 0 native plugins for Editor in 0.00 ms.
Mono: successfully reloaded assembly
- Completed reload, in  1.537 seconds
Platform modules already initialized, skipping
Refreshing native plugins compatible for Editor in 0.55 ms, found 3 plugins.
Preloading 0 native plugins for Editor in 0.00 ms.
Unloading 2129 Unused Serialized files (Serialized files now loaded: 0)
System memory in use before: 203.7 MB.
System memory in use after: 203.8 MB.

Unloading 18 unused Assets to reduce memory usage. Loaded Objects now: 2625.
Total: 2.582308 ms (FindLiveObjects: 0.251611 ms CreateObjectMapping: 0.082135 ms MarkObjects: 2.186823 ms  DeleteObjects: 0.060826 ms)

========================================================================
Received Import Request.
  Time since last request: 6533.994529 seconds.
  path: Assets/BlendShapeDebug.cs
  artifactKey: Guid(ab5d549d647558540a1be6eecf98a963) Importer(815301076,1909f56bfc062723c751e8b465ee728b)
Start importing Assets/BlendShapeDebug.cs using Guid(ab5d549d647558540a1be6eecf98a963) Importer(815301076,1909f56bfc062723c751e8b465ee728b)  -> (artifact id: 'ab449978b7f6e8d1f032ab61c8d449e4') in 0.445406 seconds
  Import took 0.454026 seconds .

========================================================================
Received Prepare
Registering precompiled user dll's ...
Registered in 0.009821 seconds.
Begin MonoManager ReloadAssembly
Native extension for OSXStandalone target not found
Refreshing native plugins compatible for Editor in 0.56 ms, found 3 plugins.
Preloading 0 native plugins for Editor in 0.00 ms.
Mono: successfully reloaded assembly
- Completed reload, in  1.365 seconds
Platform modules already initialized, skipping
Refreshing native plugins compatible for Editor in 0.52 ms, found 3 plugins.
Preloading 0 native plugins for Editor in 0.00 ms.
Unloading 2129 Unused Serialized files (Serialized files now loaded: 0)
System memory in use before: 208.3 MB.
System memory in use after: 208.4 MB.

Unloading 18 unused Assets to reduce memory usage. Loaded Objects now: 2628.
Total: 2.517023 ms (FindLiveObjects: 0.222936 ms CreateObjectMapping: 0.076308 ms MarkObjects: 2.120829 ms  DeleteObjects: 0.095855 ms)

========================================================================
Received Prepare
Registering precompiled user dll's ...
Registered in 0.009726 seconds.
Begin MonoManager ReloadAssembly
Native extension for OSXStandalone target not found
Refreshing native plugins compatible for Editor in 0.66 ms, found 3 plugins.
Preloading 0 native plugins for Editor in 0.00 ms.
Mono: successfully reloaded assembly
- Completed reload, in  1.333 seconds
Platform modules already initialized, skipping
Refreshing native plugins compatible for Editor in 0.56 ms, found 3 plugins.
Preloading 0 native plugins for Editor in 0.00 ms.
Unloading 2129 Unused Serialized files (Serialized files now loaded: 0)
System memory in use before: 208.7 MB.
System memory in use after: 208.8 MB.

Unloading 18 unused Assets to reduce memory usage. Loaded Objects now: 2631.
Total: 2.485040 ms (FindLiveObjects: 0.244131 ms CreateObjectMapping: 0.076784 ms MarkObjects: 2.092878 ms  DeleteObjects: 0.070545 ms)

========================================================================
Received Prepare
Registering precompiled user dll's ...
Registered in 0.008679 seconds.
Begin MonoManager ReloadAssembly
Native extension for OSXStandalone target not found
Refreshing native plugins compatible for Editor in 0.54 ms, found 3 plugins.
Preloading 0 native plugins for Editor in 0.00 ms.
Mono: successfully reloaded assembly
- Completed reload, in  1.328 seconds
Platform modules already initialized, skipping
Refreshing native plugins compatible for Editor in 0.67 ms, found 3 plugins.
Preloading 0 native plugins for Editor in 0.00 ms.
Unloading 2129 Unused Serialized files (Serialized files now loaded: 0)
System memory in use before: 209.0 MB.
System memory in use after: 209.1 MB.

Unloading 18 unused Assets to reduce memory usage. Loaded Objects now: 2634.
Total: 3.045065 ms (FindLiveObjects: 0.365576 ms CreateObjectMapping: 0.149284 ms MarkObjects: 2.436644 ms  DeleteObjects: 0.092315 ms)

========================================================================
Received Prepare
Registering precompiled user dll's ...
Registered in 0.011218 seconds.
Begin MonoManager ReloadAssembly
Native extension for OSXStandalone target not found
Refreshing native plugins compatible for Editor in 0.64 ms, found 3 plugins.
Preloading 0 native plugins for Editor in 0.00 ms.
Mono: successfully reloaded assembly
- Completed reload, in  1.634 seconds
Platform modules already initialized, skipping
Refreshing native plugins compatible for Editor in 0.55 ms, found 3 plugins.
Preloading 0 native plugins for Editor in 0.00 ms.
Unloading 2129 Unused Serialized files (Serialized files now loaded: 0)
System memory in use before: 209.3 MB.
System memory in use after: 209.4 MB.

Unloading 18 unused Assets to reduce memory usage. Loaded Objects now: 2637.
Total: 2.609645 ms (FindLiveObjects: 0.235199 ms CreateObjectMapping: 0.091980 ms MarkObjects: 2.218541 ms  DeleteObjects: 0.062953 ms)

